<?xml version="1.0" encoding="UTF-8"?>
<!-- Generated by org.testng.reporters.JUnitReportReporter -->
<testsuite hostname="LAPTOP-40QFA21N" failures="0" tests="1" name="com.msahin.theinternet.LoginTests" time="17.535" errors="0" timestamp="27 Haz 2021 16:42:08 GMT" skipped="0">
  <testcase classname="com.msahin.theinternet.LoginTests" name="positiveLoginTest" time="17.535"/>
</testsuite> <!-- com.msahin.theinternet.LoginTests -->
